[2025-12-26 12:23:59] INFO: Servidor listo en http://localhost:3000
[2025-12-26 12:42:19] INFO: Servidor listo en http://localhost:3000
[2025-12-26 12:43:54] INFO: Servidor listo en http://localhost:3000
[2025-12-26 12:45:42] INFO: Servidor listo en http://localhost:3000
[2025-12-26 12:47:13] INFO: Servidor listo en http://localhost:3000
[2025-12-26 12:48:24] INFO: Servidor listo en http://localhost:3000
[2025-12-26 12:49:26] INFO: [S3FileSync] ========== INICIANDO SINCRONIZACIÓN DE ARCHIVOS S3 ==========
[2025-12-26 12:49:26] INFO: [S3FileSync] Iniciando búsqueda de archivos huérfanos
[2025-12-26 12:49:26] INFO: Cron job para backup de la base de datos iniciado
[2025-12-26 12:49:26] INFO: [NotificacionesWhatsApp] Cron job para notificaciones de WhatsApp iniciado - Ejecuta diariamente a las 9:00 AM
[2025-12-26 12:49:26] INFO: [NotificacionesImportantes] Cron job para notificaciones importantes iniciado - Ejecuta diariamente a las 7:00 AM
[2025-12-26 12:49:26] INFO: [S3FileSync] Cron job para sincronización de archivos S3 iniciado - Ejecuta diariamente a las 3:00 AM
[2025-12-26 12:49:27] INFO: [S3FileSync] Archivos huérfanos encontrados: 11
[2025-12-26 12:49:27] INFO: [S3FileSync] Archivo ID 737 (ninguna sin entidad, estado: huérfano) → compartido con archivo ID 779, solo eliminado de BD
[2025-12-26 12:49:27] INFO: [S3FileSync] Archivo ID 747 (ninguna sin entidad, estado: huérfano) → compartido con archivo ID 778, solo eliminado de BD
[2025-12-26 12:49:27] INFO: [S3FileSync] Archivo ID 748 (ninguna sin entidad, estado: huérfano) → compartido con archivo ID 781, solo eliminado de BD
[2025-12-26 12:49:27] INFO: [S3FileSync] Archivo ID 756 (ninguna sin entidad, estado: huérfano) → compartido con archivo ID 770, solo eliminado de BD
[2025-12-26 12:49:27] INFO: [S3FileSync] Archivo ID 763 (ninguna sin entidad, estado: huérfano) → compartido con archivo ID 777, solo eliminado de BD
[2025-12-26 12:49:27] INFO: [S3FileSync] Archivo ID 767 (ninguna sin entidad, estado: huérfano) → compartido con archivo ID 770, solo eliminado de BD
[2025-12-26 12:49:27] INFO: [S3FileSync] Archivo ID 768 (ninguna sin entidad, estado: huérfano) → compartido con archivo ID 769, solo eliminado de BD
[2025-12-26 12:49:27] INFO: [S3FileSync] Archivo ID 771 (ninguna sin entidad, estado: huérfano) → compartido con archivo ID 772, solo eliminado de BD
[2025-12-26 12:49:27] INFO: [S3FileSync] Archivo ID 773 (ninguna sin entidad, estado: huérfano) → compartido con archivo ID 774, solo eliminado de BD
[2025-12-26 12:49:27] INFO: [S3FileSync] Archivo ID 776 (ninguna sin entidad, estado: huérfano) → compartido con archivo ID 779, solo eliminado de BD
[2025-12-26 12:49:27] INFO: [S3FileSync] Archivo ID 780 (ninguna sin entidad, estado: huérfano) → compartido con archivo ID 781, solo eliminado de BD
[2025-12-26 12:49:27] INFO: [S3FileSync] Iniciando procesamiento de archivos con estado Error
[2025-12-26 12:49:27] INFO: [S3FileSync] Archivos con estado Error encontrados: 0
[2025-12-26 12:49:27] INFO: [S3FileSync] Iniciando eliminación de archivos marcados como Borrado
[2025-12-26 12:49:27] INFO: [S3FileSync] Archivos marcados como Borrado encontrados: 11
[2025-12-26 12:49:27] INFO: [S3FileSync] Archivo ID 737 (ninguna sin entidad, estado: Borrado) → eliminado de S3 y BD (SIMULADO - modo dev)
[2025-12-26 12:49:27] INFO: [S3FileSync] Archivo ID 747 (ninguna sin entidad, estado: Borrado) → eliminado de S3 y BD (SIMULADO - modo dev)
[2025-12-26 12:49:27] INFO: [S3FileSync] Archivo ID 748 (ninguna sin entidad, estado: Borrado) → sin finalPath, solo eliminado de BD
[2025-12-26 12:49:27] INFO: [S3FileSync] Archivo ID 756 (ninguna sin entidad, estado: Borrado) → eliminado de S3 y BD (SIMULADO - modo dev)
[2025-12-26 12:49:27] INFO: [S3FileSync] Archivo ID 763 (ninguna sin entidad, estado: Borrado) → eliminado de S3 y BD (SIMULADO - modo dev)
[2025-12-26 12:49:27] INFO: [S3FileSync] Archivo ID 767 (ninguna sin entidad, estado: Borrado) → sin finalPath, solo eliminado de BD
[2025-12-26 12:49:27] INFO: [S3FileSync] Archivo ID 768 (ninguna sin entidad, estado: Borrado) → sin finalPath, solo eliminado de BD
[2025-12-26 12:49:27] INFO: [S3FileSync] Archivo ID 771 (ninguna sin entidad, estado: Borrado) → sin finalPath, solo eliminado de BD
[2025-12-26 12:49:27] INFO: [S3FileSync] Archivo ID 773 (ninguna sin entidad, estado: Borrado) → sin finalPath, solo eliminado de BD
[2025-12-26 12:49:27] INFO: [S3FileSync] Archivo ID 776 (ninguna sin entidad, estado: Borrado) → sin finalPath, solo eliminado de BD
[2025-12-26 12:49:27] INFO: [S3FileSync] Archivo ID 780 (ninguna sin entidad, estado: Borrado) → sin finalPath, solo eliminado de BD
[2025-12-26 12:49:27] INFO: [S3FileSync] Iniciando procesamiento de archivos con estado Pending
[2025-12-26 12:49:27] INFO: [S3FileSync] Archivos con estado Pending encontrados: 82
[2025-12-26 12:49:27] INFO: [S3FileSync] Archivo ID 253 (ReciboORep 1087, estado: Pending) → movido de temp a recibos, actualizado a Listo (SIMULADO - modo dev)
[2025-12-26 12:49:27] INFO: [S3FileSync] Archivo ID 260 (ReciboORep 1070, estado: Pending) → movido de temp a recibos, actualizado a Listo (SIMULADO - modo dev)
[2025-12-26 12:49:27] INFO: [S3FileSync] Archivo ID 270 (ReciboORep 1075, estado: Pending) → movido de temp a recibos, actualizado a Listo (SIMULADO - modo dev)
[2025-12-26 12:49:27] INFO: [S3FileSync] Archivo ID 273 (ReciboORep 1042, estado: Pending) → movido de temp a recibos, actualizado a Listo (SIMULADO - modo dev)
[2025-12-26 12:49:27] INFO: [S3FileSync] Archivo ID 274 (ReciboORep 1064, estado: Pending) → movido de temp a recibos, actualizado a Listo (SIMULADO - modo dev)
[2025-12-26 12:49:27] INFO: [S3FileSync] Archivo ID 275 (ReciboORep 1091, estado: Pending) → movido de temp a recibos, actualizado a Listo (SIMULADO - modo dev)
[2025-12-26 12:49:27] INFO: [S3FileSync] Archivo ID 278 (ReciboORep 996, estado: Pending) → movido de temp a recibos, actualizado a Listo (SIMULADO - modo dev)
[2025-12-26 12:49:27] INFO: [S3FileSync] Archivo ID 280 (ReciboORep 1103, estado: Pending) → movido de temp a recibos, actualizado a Listo (SIMULADO - modo dev)
[2025-12-26 12:49:27] INFO: [S3FileSync] Archivo ID 281 (ReciboORep 1081, estado: Pending) → movido de temp a recibos, actualizado a Listo (SIMULADO - modo dev)
[2025-12-26 12:49:27] INFO: [S3FileSync] Archivo ID 292 (ReciboORep 988, estado: Pending) → movido de temp a recibos, actualizado a Listo (SIMULADO - modo dev)
[2025-12-26 12:49:27] INFO: [S3FileSync] Archivo ID 293 (ReciboORep 829, estado: Pending) → movido de temp a recibos, actualizado a Listo (SIMULADO - modo dev)
[2025-12-26 12:49:27] INFO: [S3FileSync] Archivo ID 294 (ReciboORep 1030, estado: Pending) → movido de temp a recibos, actualizado a Listo (SIMULADO - modo dev)
[2025-12-26 12:49:27] INFO: [S3FileSync] Archivo ID 296 (ReciboORep 886, estado: Pending) → movido de temp a recibos, actualizado a Listo (SIMULADO - modo dev)
[2025-12-26 12:49:27] INFO: [S3FileSync] Archivo ID 298 (ReciboORep 965, estado: Pending) → movido de temp a recibos, actualizado a Listo (SIMULADO - modo dev)
[2025-12-26 12:49:27] INFO: [S3FileSync] Archivo ID 299 (ReciboORep 926, estado: Pending) → movido de temp a recibos, actualizado a Listo (SIMULADO - modo dev)
[2025-12-26 12:49:27] INFO: [S3FileSync] Archivo ID 323 (ReciboORep 1175, estado: Pending) → movido de temp a recibos, actualizado a Listo (SIMULADO - modo dev)
[2025-12-26 12:49:27] INFO: [S3FileSync] Archivo ID 325 (ReciboORep 1182, estado: Pending) → movido de temp a recibos, actualizado a Listo (SIMULADO - modo dev)
[2025-12-26 12:49:27] INFO: [S3FileSync] Archivo ID 327 (ReciboORep 1168, estado: Pending) → movido de temp a recibos, actualizado a Listo (SIMULADO - modo dev)
[2025-12-26 12:49:27] INFO: [S3FileSync] Archivo ID 337 (ReciboORep 1035, estado: Pending) → movido de temp a recibos, actualizado a Listo (SIMULADO - modo dev)
[2025-12-26 12:49:27] INFO: [S3FileSync] Archivo ID 338 (ReciboORep 967, estado: Pending) → movido de temp a recibos, actualizado a Listo (SIMULADO - modo dev)
[2025-12-26 12:49:27] INFO: [S3FileSync] Archivo ID 339 (ReciboORep 995, estado: Pending) → movido de temp a recibos, actualizado a Listo (SIMULADO - modo dev)
[2025-12-26 12:49:27] INFO: [S3FileSync] Archivo ID 357 (ReciboORep 921, estado: Pending) → movido de temp a recibos, actualizado a Listo (SIMULADO - modo dev)
[2025-12-26 12:49:27] INFO: [S3FileSync] Archivo ID 363 (ReciboORep 857, estado: Pending) → movido de temp a recibos, actualizado a Listo (SIMULADO - modo dev)
[2025-12-26 12:49:27] INFO: [S3FileSync] Archivo ID 372 (ReciboORep 1197, estado: Pending) → movido de temp a recibos, actualizado a Listo (SIMULADO - modo dev)
[2025-12-26 12:49:27] INFO: [S3FileSync] Archivo ID 378 (ReciboORep 1188, estado: Pending) → movido de temp a recibos, actualizado a Listo (SIMULADO - modo dev)
[2025-12-26 12:49:27] INFO: [S3FileSync] Archivo ID 379 (ReciboORep 1187, estado: Pending) → movido de temp a recibos, actualizado a Listo (SIMULADO - modo dev)
[2025-12-26 12:49:27] INFO: [S3FileSync] Archivo ID 380 (ReciboORep 1181, estado: Pending) → movido de temp a recibos, actualizado a Listo (SIMULADO - modo dev)
[2025-12-26 12:49:27] INFO: [S3FileSync] Archivo ID 381 (ReciboORep 1195, estado: Pending) → movido de temp a recibos, actualizado a Listo (SIMULADO - modo dev)
[2025-12-26 12:49:27] INFO: [S3FileSync] Archivo ID 387 (ReciboORep 933, estado: Pending) → movido de temp a recibos, actualizado a Listo (SIMULADO - modo dev)
[2025-12-26 12:49:27] INFO: [S3FileSync] Archivo ID 396 (ReciboORep 1192, estado: Pending) → movido de temp a recibos, actualizado a Listo (SIMULADO - modo dev)
[2025-12-26 12:49:27] INFO: [S3FileSync] Archivo ID 428 (ReciboORep 1191, estado: Pending) → movido de temp a recibos, actualizado a Listo (SIMULADO - modo dev)
[2025-12-26 12:49:27] INFO: [S3FileSync] Archivo ID 429 (ReciboORep 1193, estado: Pending) → movido de temp a recibos, actualizado a Listo (SIMULADO - modo dev)
[2025-12-26 12:49:27] INFO: [S3FileSync] Archivo ID 439 (ReciboORep 1169, estado: Pending) → movido de temp a recibos, actualizado a Listo (SIMULADO - modo dev)
[2025-12-26 12:49:27] INFO: [S3FileSync] Archivo ID 452 (ReciboORep 1157, estado: Pending) → movido de temp a recibos, actualizado a Listo (SIMULADO - modo dev)
[2025-12-26 12:49:27] INFO: [S3FileSync] Archivo ID 453 (ReciboORep 1190, estado: Pending) → movido de temp a recibos, actualizado a Listo (SIMULADO - modo dev)
[2025-12-26 12:49:27] INFO: [S3FileSync] Archivo ID 455 (ReciboORep 1204, estado: Pending) → movido de temp a recibos, actualizado a Listo (SIMULADO - modo dev)
[2025-12-26 12:49:27] INFO: [S3FileSync] Archivo ID 458 (ReciboORep 1209, estado: Pending) → movido de temp a recibos, actualizado a Listo (SIMULADO - modo dev)
[2025-12-26 12:49:27] INFO: [S3FileSync] Archivo ID 459 (ReciboORep 1210, estado: Pending) → movido de temp a recibos, actualizado a Listo (SIMULADO - modo dev)
[2025-12-26 12:49:27] INFO: [S3FileSync] Archivo ID 460 (ReciboORep 1213, estado: Pending) → movido de temp a recibos, actualizado a Listo (SIMULADO - modo dev)
[2025-12-26 12:49:27] INFO: [S3FileSync] Archivo ID 461 (ReciboORep 1212, estado: Pending) → movido de temp a recibos, actualizado a Listo (SIMULADO - modo dev)
[2025-12-26 12:49:27] INFO: [S3FileSync] Archivo ID 464 (ReciboORep 1105, estado: Pending) → movido de temp a recibos, actualizado a Listo (SIMULADO - modo dev)
[2025-12-26 12:49:27] INFO: [S3FileSync] Archivo ID 482 (ReciboORep 1201, estado: Pending) → movido de temp a recibos, actualizado a Listo (SIMULADO - modo dev)
[2025-12-26 12:49:27] INFO: [S3FileSync] Archivo ID 483 (ReciboORep 1216, estado: Pending) → movido de temp a recibos, actualizado a Listo (SIMULADO - modo dev)
[2025-12-26 12:49:27] INFO: [S3FileSync] Archivo ID 484 (ReciboORep 978, estado: Pending) → movido de temp a recibos, actualizado a Listo (SIMULADO - modo dev)
[2025-12-26 12:49:27] INFO: [S3FileSync] Archivo ID 486 (ReciboORep 876, estado: Pending) → movido de temp a recibos, actualizado a Listo (SIMULADO - modo dev)
[2025-12-26 12:49:27] INFO: [S3FileSync] Archivo ID 502 (ReciboORep 1217, estado: Pending) → movido de temp a recibos, actualizado a Listo (SIMULADO - modo dev)
[2025-12-26 12:49:27] INFO: [S3FileSync] Archivo ID 503 (ReciboORep 1189, estado: Pending) → movido de temp a recibos, actualizado a Listo (SIMULADO - modo dev)
[2025-12-26 12:49:27] INFO: [S3FileSync] Archivo ID 517 (ReciboORep 1222, estado: Pending) → movido de temp a recibos, actualizado a Listo (SIMULADO - modo dev)
[2025-12-26 12:49:27] INFO: [S3FileSync] Archivo ID 532 (ReciboORep 1229, estado: Pending) → movido de temp a recibos, actualizado a Listo (SIMULADO - modo dev)
[2025-12-26 12:49:27] INFO: [S3FileSync] Archivo ID 533 (ReciboORep 1249, estado: Pending) → movido de temp a recibos, actualizado a Listo (SIMULADO - modo dev)
[2025-12-26 12:49:27] INFO: [S3FileSync] Archivo ID 534 (ReciboORep 1228, estado: Pending) → movido de temp a recibos, actualizado a Listo (SIMULADO - modo dev)
[2025-12-26 12:49:27] INFO: [S3FileSync] Archivo ID 535 (ReciboORep 1221, estado: Pending) → movido de temp a recibos, actualizado a Listo (SIMULADO - modo dev)
[2025-12-26 12:49:27] INFO: [S3FileSync] Archivo ID 536 (ReciboORep 1247, estado: Pending) → movido de temp a recibos, actualizado a Listo (SIMULADO - modo dev)
[2025-12-26 12:49:27] INFO: [S3FileSync] Archivo ID 537 (ReciboORep 1225, estado: Pending) → movido de temp a recibos, actualizado a Listo (SIMULADO - modo dev)
[2025-12-26 12:49:27] INFO: [S3FileSync] Archivo ID 566 (ReciboORep 1215, estado: Pending) → movido de temp a recibos, actualizado a Listo (SIMULADO - modo dev)
[2025-12-26 12:49:27] INFO: [S3FileSync] Archivo ID 583 (ReciboORep 1252, estado: Pending) → movido de temp a recibos, actualizado a Listo (SIMULADO - modo dev)
[2025-12-26 12:49:27] INFO: [S3FileSync] Archivo ID 585 (ReciboORep 1253, estado: Pending) → movido de temp a recibos, actualizado a Listo (SIMULADO - modo dev)
[2025-12-26 12:49:27] INFO: [S3FileSync] Archivo ID 607 (ReciboORep 1257, estado: Pending) → movido de temp a recibos, actualizado a Listo (SIMULADO - modo dev)
[2025-12-26 12:49:27] INFO: [S3FileSync] Archivo ID 616 (ReciboORep 1246, estado: Pending) → movido de temp a recibos, actualizado a Listo (SIMULADO - modo dev)
[2025-12-26 12:49:27] INFO: [S3FileSync] Archivo ID 625 (ReciboORep 1268, estado: Pending) → movido de temp a recibos, actualizado a Listo (SIMULADO - modo dev)
[2025-12-26 12:49:27] INFO: [S3FileSync] Archivo ID 626 (ReciboORep 1233, estado: Pending) → movido de temp a recibos, actualizado a Listo (SIMULADO - modo dev)
[2025-12-26 12:49:27] INFO: [S3FileSync] Archivo ID 627 (ReciboORep 1223, estado: Pending) → movido de temp a recibos, actualizado a Listo (SIMULADO - modo dev)
[2025-12-26 12:49:27] INFO: [S3FileSync] Archivo ID 631 (ReciboORep 1261, estado: Pending) → movido de temp a recibos, actualizado a Listo (SIMULADO - modo dev)
[2025-12-26 12:49:27] INFO: [S3FileSync] Archivo ID 632 (ReciboORep 1250, estado: Pending) → movido de temp a recibos, actualizado a Listo (SIMULADO - modo dev)
[2025-12-26 12:49:27] INFO: [S3FileSync] Archivo ID 633 (ReciboORep 1202, estado: Pending) → movido de temp a recibos, actualizado a Listo (SIMULADO - modo dev)
[2025-12-26 12:49:27] INFO: [S3FileSync] Archivo ID 634 (ReciboORep 1265, estado: Pending) → movido de temp a recibos, actualizado a Listo (SIMULADO - modo dev)
[2025-12-26 12:49:27] INFO: [S3FileSync] Archivo ID 636 (ReciboORep 1271, estado: Pending) → movido de temp a recibos, actualizado a Listo (SIMULADO - modo dev)
[2025-12-26 12:49:27] INFO: [S3FileSync] Archivo ID 637 (ReciboORep 1207, estado: Pending) → movido de temp a recibos, actualizado a Listo (SIMULADO - modo dev)
[2025-12-26 12:49:27] INFO: [S3FileSync] Archivo ID 644 (ReciboORep 1258, estado: Pending) → movido de temp a recibos, actualizado a Listo (SIMULADO - modo dev)
[2025-12-26 12:49:27] INFO: [S3FileSync] Archivo ID 646 (ReciboORep 1267, estado: Pending) → movido de temp a recibos, actualizado a Listo (SIMULADO - modo dev)
[2025-12-26 12:49:27] INFO: [S3FileSync] Archivo ID 670 (ReciboORep 1284, estado: Pending) → movido de temp a recibos, actualizado a Listo (SIMULADO - modo dev)
[2025-12-26 12:49:27] INFO: [S3FileSync] Archivo ID 750 (ReciboORep 1302, estado: Pending) → movido de temp a recibos, actualizado a Listo (SIMULADO - modo dev)
[2025-12-26 12:49:27] INFO: [S3FileSync] Archivo ID 753 (ReciboORep 1291, estado: Pending) → movido de temp a recibos, actualizado a Listo (SIMULADO - modo dev)
[2025-12-26 12:49:27] INFO: [S3FileSync] Archivo ID 769 (ReciboORep 1325, estado: Pending) → movido de temp a recibos, actualizado a Listo (SIMULADO - modo dev)
[2025-12-26 12:49:27] INFO: [S3FileSync] Archivo ID 770 (ReciboORep 920, estado: Pending) → movido de temp a recibos, actualizado a Listo (SIMULADO - modo dev)
[2025-12-26 12:49:27] INFO: [S3FileSync] Archivo ID 772 (ReciboORep 1323, estado: Pending) → movido de temp a recibos, actualizado a Listo (SIMULADO - modo dev)
[2025-12-26 12:49:27] INFO: [S3FileSync] Archivo ID 774 (ReciboORep 1322, estado: Pending) → movido de temp a recibos, actualizado a Listo (SIMULADO - modo dev)
[2025-12-26 12:49:27] INFO: [S3FileSync] Archivo ID 775 (ReciboORep 1315, estado: Pending) → movido de temp a recibos, actualizado a Listo (SIMULADO - modo dev)
[2025-12-26 12:49:27] INFO: [S3FileSync] Archivo ID 777 (ReciboORep 1321, estado: Pending) → movido de temp a recibos, actualizado a Listo (SIMULADO - modo dev)
[2025-12-26 12:49:27] INFO: [S3FileSync] Archivo ID 778 (ReciboORep 1316, estado: Pending) → movido de temp a recibos, actualizado a Listo (SIMULADO - modo dev)
[2025-12-26 12:49:27] INFO: [S3FileSync] Archivo ID 779 (ReciboORep 1300, estado: Pending) → movido de temp a recibos, actualizado a Listo (SIMULADO - modo dev)
[2025-12-26 12:49:27] INFO: [S3FileSync] Archivo ID 781 (ReciboORep 1272, estado: Pending) → movido de temp a recibos, actualizado a Listo (SIMULADO - modo dev)
[2025-12-26 12:49:27] INFO: [S3FileSync] ========== SINCRONIZACIÓN DE ARCHIVOS S3 COMPLETADA ==========
[2025-12-26 12:49:44] INFO: Un cliente se ha conectado
[2025-12-26 12:50:01] INFO: [S3FileSync] ========== INICIANDO SINCRONIZACIÓN DE ARCHIVOS S3 ==========
[2025-12-26 12:50:01] INFO: [S3FileSync] Iniciando búsqueda de archivos huérfanos
[2025-12-26 12:50:01] INFO: [S3FileSync] Archivos huérfanos encontrados: 11
[2025-12-26 12:50:01] INFO: [S3FileSync] Archivo ID 737 (ninguna sin entidad, estado: huérfano) → compartido con archivo ID 779, solo eliminado de BD
[2025-12-26 12:50:01] INFO: [S3FileSync] Archivo ID 747 (ninguna sin entidad, estado: huérfano) → compartido con archivo ID 778, solo eliminado de BD
[2025-12-26 12:50:01] INFO: [S3FileSync] Archivo ID 748 (ninguna sin entidad, estado: huérfano) → compartido con archivo ID 781, solo eliminado de BD
[2025-12-26 12:50:01] INFO: [S3FileSync] Archivo ID 756 (ninguna sin entidad, estado: huérfano) → compartido con archivo ID 770, solo eliminado de BD
[2025-12-26 12:50:01] INFO: [S3FileSync] Archivo ID 763 (ninguna sin entidad, estado: huérfano) → compartido con archivo ID 777, solo eliminado de BD
[2025-12-26 12:50:01] INFO: [S3FileSync] Archivo ID 767 (ninguna sin entidad, estado: huérfano) → compartido con archivo ID 770, solo eliminado de BD
[2025-12-26 12:50:01] INFO: [S3FileSync] Archivo ID 768 (ninguna sin entidad, estado: huérfano) → compartido con archivo ID 769, solo eliminado de BD
[2025-12-26 12:50:01] INFO: [S3FileSync] Archivo ID 771 (ninguna sin entidad, estado: huérfano) → compartido con archivo ID 772, solo eliminado de BD
[2025-12-26 12:50:01] INFO: [S3FileSync] Archivo ID 773 (ninguna sin entidad, estado: huérfano) → compartido con archivo ID 774, solo eliminado de BD
[2025-12-26 12:50:01] INFO: [S3FileSync] Archivo ID 776 (ninguna sin entidad, estado: huérfano) → compartido con archivo ID 779, solo eliminado de BD
[2025-12-26 12:50:01] INFO: [S3FileSync] Archivo ID 780 (ninguna sin entidad, estado: huérfano) → compartido con archivo ID 781, solo eliminado de BD
[2025-12-26 12:50:01] INFO: [S3FileSync] Iniciando procesamiento de archivos con estado Error
[2025-12-26 12:50:01] INFO: [S3FileSync] Archivos con estado Error encontrados: 0
[2025-12-26 12:50:01] INFO: [S3FileSync] Iniciando eliminación de archivos marcados como Borrado
[2025-12-26 12:50:01] INFO: [S3FileSync] Archivos marcados como Borrado encontrados: 11
[2025-12-26 12:50:01] INFO: [S3FileSync] Archivo ID 737 (ninguna sin entidad, estado: Borrado) → eliminado de S3 y BD (SIMULADO - modo dev)
[2025-12-26 12:50:01] INFO: [S3FileSync] Archivo ID 747 (ninguna sin entidad, estado: Borrado) → eliminado de S3 y BD (SIMULADO - modo dev)
[2025-12-26 12:50:01] INFO: [S3FileSync] Archivo ID 748 (ninguna sin entidad, estado: Borrado) → sin finalPath, solo eliminado de BD
[2025-12-26 12:50:01] INFO: [S3FileSync] Archivo ID 756 (ninguna sin entidad, estado: Borrado) → eliminado de S3 y BD (SIMULADO - modo dev)
[2025-12-26 12:50:01] INFO: [S3FileSync] Archivo ID 763 (ninguna sin entidad, estado: Borrado) → eliminado de S3 y BD (SIMULADO - modo dev)
[2025-12-26 12:50:01] INFO: [S3FileSync] Archivo ID 767 (ninguna sin entidad, estado: Borrado) → sin finalPath, solo eliminado de BD
[2025-12-26 12:50:01] INFO: [S3FileSync] Archivo ID 768 (ninguna sin entidad, estado: Borrado) → sin finalPath, solo eliminado de BD
[2025-12-26 12:50:01] INFO: [S3FileSync] Archivo ID 771 (ninguna sin entidad, estado: Borrado) → sin finalPath, solo eliminado de BD
[2025-12-26 12:50:01] INFO: [S3FileSync] Archivo ID 773 (ninguna sin entidad, estado: Borrado) → sin finalPath, solo eliminado de BD
[2025-12-26 12:50:01] INFO: [S3FileSync] Archivo ID 776 (ninguna sin entidad, estado: Borrado) → sin finalPath, solo eliminado de BD
[2025-12-26 12:50:01] INFO: [S3FileSync] Archivo ID 780 (ninguna sin entidad, estado: Borrado) → sin finalPath, solo eliminado de BD
[2025-12-26 12:50:01] INFO: [S3FileSync] Iniciando procesamiento de archivos con estado Pending
[2025-12-26 12:50:01] INFO: [S3FileSync] Archivos con estado Pending encontrados: 82
[2025-12-26 12:50:01] INFO: [S3FileSync] Archivo ID 253 (ReciboORep 1087, estado: Pending) → movido de temp a recibos, actualizado a Listo (SIMULADO - modo dev)
[2025-12-26 12:50:01] INFO: [S3FileSync] Archivo ID 260 (ReciboORep 1070, estado: Pending) → movido de temp a recibos, actualizado a Listo (SIMULADO - modo dev)
[2025-12-26 12:50:01] INFO: [S3FileSync] Archivo ID 270 (ReciboORep 1075, estado: Pending) → movido de temp a recibos, actualizado a Listo (SIMULADO - modo dev)
[2025-12-26 12:50:01] INFO: [S3FileSync] Archivo ID 273 (ReciboORep 1042, estado: Pending) → movido de temp a recibos, actualizado a Listo (SIMULADO - modo dev)
[2025-12-26 12:50:01] INFO: [S3FileSync] Archivo ID 274 (ReciboORep 1064, estado: Pending) → movido de temp a recibos, actualizado a Listo (SIMULADO - modo dev)
[2025-12-26 12:50:01] INFO: [S3FileSync] Archivo ID 275 (ReciboORep 1091, estado: Pending) → movido de temp a recibos, actualizado a Listo (SIMULADO - modo dev)
[2025-12-26 12:50:01] INFO: [S3FileSync] Archivo ID 278 (ReciboORep 996, estado: Pending) → movido de temp a recibos, actualizado a Listo (SIMULADO - modo dev)
[2025-12-26 12:50:01] INFO: [S3FileSync] Archivo ID 280 (ReciboORep 1103, estado: Pending) → movido de temp a recibos, actualizado a Listo (SIMULADO - modo dev)
[2025-12-26 12:50:01] INFO: [S3FileSync] Archivo ID 281 (ReciboORep 1081, estado: Pending) → movido de temp a recibos, actualizado a Listo (SIMULADO - modo dev)
[2025-12-26 12:50:01] INFO: [S3FileSync] Archivo ID 292 (ReciboORep 988, estado: Pending) → movido de temp a recibos, actualizado a Listo (SIMULADO - modo dev)
[2025-12-26 12:50:01] INFO: [S3FileSync] Archivo ID 293 (ReciboORep 829, estado: Pending) → movido de temp a recibos, actualizado a Listo (SIMULADO - modo dev)
[2025-12-26 12:50:01] INFO: [S3FileSync] Archivo ID 294 (ReciboORep 1030, estado: Pending) → movido de temp a recibos, actualizado a Listo (SIMULADO - modo dev)
[2025-12-26 12:50:01] INFO: [S3FileSync] Archivo ID 296 (ReciboORep 886, estado: Pending) → movido de temp a recibos, actualizado a Listo (SIMULADO - modo dev)
[2025-12-26 12:50:01] INFO: [S3FileSync] Archivo ID 298 (ReciboORep 965, estado: Pending) → movido de temp a recibos, actualizado a Listo (SIMULADO - modo dev)
[2025-12-26 12:50:01] INFO: [S3FileSync] Archivo ID 299 (ReciboORep 926, estado: Pending) → movido de temp a recibos, actualizado a Listo (SIMULADO - modo dev)
[2025-12-26 12:50:01] INFO: [S3FileSync] Archivo ID 323 (ReciboORep 1175, estado: Pending) → movido de temp a recibos, actualizado a Listo (SIMULADO - modo dev)
[2025-12-26 12:50:01] INFO: [S3FileSync] Archivo ID 325 (ReciboORep 1182, estado: Pending) → movido de temp a recibos, actualizado a Listo (SIMULADO - modo dev)
[2025-12-26 12:50:01] INFO: [S3FileSync] Archivo ID 327 (ReciboORep 1168, estado: Pending) → movido de temp a recibos, actualizado a Listo (SIMULADO - modo dev)
[2025-12-26 12:50:01] INFO: [S3FileSync] Archivo ID 337 (ReciboORep 1035, estado: Pending) → movido de temp a recibos, actualizado a Listo (SIMULADO - modo dev)
[2025-12-26 12:50:01] INFO: [S3FileSync] Archivo ID 338 (ReciboORep 967, estado: Pending) → movido de temp a recibos, actualizado a Listo (SIMULADO - modo dev)
[2025-12-26 12:50:01] INFO: [S3FileSync] Archivo ID 339 (ReciboORep 995, estado: Pending) → movido de temp a recibos, actualizado a Listo (SIMULADO - modo dev)
[2025-12-26 12:50:01] INFO: [S3FileSync] Archivo ID 357 (ReciboORep 921, estado: Pending) → movido de temp a recibos, actualizado a Listo (SIMULADO - modo dev)
[2025-12-26 12:50:01] INFO: [S3FileSync] Archivo ID 363 (ReciboORep 857, estado: Pending) → movido de temp a recibos, actualizado a Listo (SIMULADO - modo dev)
[2025-12-26 12:50:01] INFO: [S3FileSync] Archivo ID 372 (ReciboORep 1197, estado: Pending) → movido de temp a recibos, actualizado a Listo (SIMULADO - modo dev)
[2025-12-26 12:50:01] INFO: [S3FileSync] Archivo ID 378 (ReciboORep 1188, estado: Pending) → movido de temp a recibos, actualizado a Listo (SIMULADO - modo dev)
[2025-12-26 12:50:01] INFO: [S3FileSync] Archivo ID 379 (ReciboORep 1187, estado: Pending) → movido de temp a recibos, actualizado a Listo (SIMULADO - modo dev)
[2025-12-26 12:50:01] INFO: [S3FileSync] Archivo ID 380 (ReciboORep 1181, estado: Pending) → movido de temp a recibos, actualizado a Listo (SIMULADO - modo dev)
[2025-12-26 12:50:01] INFO: [S3FileSync] Archivo ID 381 (ReciboORep 1195, estado: Pending) → movido de temp a recibos, actualizado a Listo (SIMULADO - modo dev)
[2025-12-26 12:50:01] INFO: [S3FileSync] Archivo ID 387 (ReciboORep 933, estado: Pending) → movido de temp a recibos, actualizado a Listo (SIMULADO - modo dev)
[2025-12-26 12:50:01] INFO: [S3FileSync] Archivo ID 396 (ReciboORep 1192, estado: Pending) → movido de temp a recibos, actualizado a Listo (SIMULADO - modo dev)
[2025-12-26 12:50:01] INFO: [S3FileSync] Archivo ID 428 (ReciboORep 1191, estado: Pending) → movido de temp a recibos, actualizado a Listo (SIMULADO - modo dev)
[2025-12-26 12:50:01] INFO: [S3FileSync] Archivo ID 429 (ReciboORep 1193, estado: Pending) → movido de temp a recibos, actualizado a Listo (SIMULADO - modo dev)
[2025-12-26 12:50:01] INFO: [S3FileSync] Archivo ID 439 (ReciboORep 1169, estado: Pending) → movido de temp a recibos, actualizado a Listo (SIMULADO - modo dev)
[2025-12-26 12:50:01] INFO: [S3FileSync] Archivo ID 452 (ReciboORep 1157, estado: Pending) → movido de temp a recibos, actualizado a Listo (SIMULADO - modo dev)
[2025-12-26 12:50:01] INFO: [S3FileSync] Archivo ID 453 (ReciboORep 1190, estado: Pending) → movido de temp a recibos, actualizado a Listo (SIMULADO - modo dev)
[2025-12-26 12:50:01] INFO: [S3FileSync] Archivo ID 455 (ReciboORep 1204, estado: Pending) → movido de temp a recibos, actualizado a Listo (SIMULADO - modo dev)
[2025-12-26 12:50:01] INFO: [S3FileSync] Archivo ID 458 (ReciboORep 1209, estado: Pending) → movido de temp a recibos, actualizado a Listo (SIMULADO - modo dev)
[2025-12-26 12:50:01] INFO: [S3FileSync] Archivo ID 459 (ReciboORep 1210, estado: Pending) → movido de temp a recibos, actualizado a Listo (SIMULADO - modo dev)
[2025-12-26 12:50:01] INFO: [S3FileSync] Archivo ID 460 (ReciboORep 1213, estado: Pending) → movido de temp a recibos, actualizado a Listo (SIMULADO - modo dev)
[2025-12-26 12:50:01] INFO: [S3FileSync] Archivo ID 461 (ReciboORep 1212, estado: Pending) → movido de temp a recibos, actualizado a Listo (SIMULADO - modo dev)
[2025-12-26 12:50:01] INFO: [S3FileSync] Archivo ID 464 (ReciboORep 1105, estado: Pending) → movido de temp a recibos, actualizado a Listo (SIMULADO - modo dev)
[2025-12-26 12:50:01] INFO: [S3FileSync] Archivo ID 482 (ReciboORep 1201, estado: Pending) → movido de temp a recibos, actualizado a Listo (SIMULADO - modo dev)
[2025-12-26 12:50:01] INFO: [S3FileSync] Archivo ID 483 (ReciboORep 1216, estado: Pending) → movido de temp a recibos, actualizado a Listo (SIMULADO - modo dev)
[2025-12-26 12:50:01] INFO: [S3FileSync] Archivo ID 484 (ReciboORep 978, estado: Pending) → movido de temp a recibos, actualizado a Listo (SIMULADO - modo dev)
[2025-12-26 12:50:01] INFO: [S3FileSync] Archivo ID 486 (ReciboORep 876, estado: Pending) → movido de temp a recibos, actualizado a Listo (SIMULADO - modo dev)
[2025-12-26 12:50:01] INFO: [S3FileSync] Archivo ID 502 (ReciboORep 1217, estado: Pending) → movido de temp a recibos, actualizado a Listo (SIMULADO - modo dev)
[2025-12-26 12:50:01] INFO: [S3FileSync] Archivo ID 503 (ReciboORep 1189, estado: Pending) → movido de temp a recibos, actualizado a Listo (SIMULADO - modo dev)
[2025-12-26 12:50:01] INFO: [S3FileSync] Archivo ID 517 (ReciboORep 1222, estado: Pending) → movido de temp a recibos, actualizado a Listo (SIMULADO - modo dev)
[2025-12-26 12:50:01] INFO: [S3FileSync] Archivo ID 532 (ReciboORep 1229, estado: Pending) → movido de temp a recibos, actualizado a Listo (SIMULADO - modo dev)
[2025-12-26 12:50:01] INFO: [S3FileSync] Archivo ID 533 (ReciboORep 1249, estado: Pending) → movido de temp a recibos, actualizado a Listo (SIMULADO - modo dev)
[2025-12-26 12:50:01] INFO: [S3FileSync] Archivo ID 534 (ReciboORep 1228, estado: Pending) → movido de temp a recibos, actualizado a Listo (SIMULADO - modo dev)
[2025-12-26 12:50:01] INFO: [S3FileSync] Archivo ID 535 (ReciboORep 1221, estado: Pending) → movido de temp a recibos, actualizado a Listo (SIMULADO - modo dev)
[2025-12-26 12:50:01] INFO: [S3FileSync] Archivo ID 536 (ReciboORep 1247, estado: Pending) → movido de temp a recibos, actualizado a Listo (SIMULADO - modo dev)
[2025-12-26 12:50:01] INFO: [S3FileSync] Archivo ID 537 (ReciboORep 1225, estado: Pending) → movido de temp a recibos, actualizado a Listo (SIMULADO - modo dev)
[2025-12-26 12:50:01] INFO: [S3FileSync] Archivo ID 566 (ReciboORep 1215, estado: Pending) → movido de temp a recibos, actualizado a Listo (SIMULADO - modo dev)
[2025-12-26 12:50:01] INFO: [S3FileSync] Archivo ID 583 (ReciboORep 1252, estado: Pending) → movido de temp a recibos, actualizado a Listo (SIMULADO - modo dev)
[2025-12-26 12:50:01] INFO: [S3FileSync] Archivo ID 585 (ReciboORep 1253, estado: Pending) → movido de temp a recibos, actualizado a Listo (SIMULADO - modo dev)
[2025-12-26 12:50:01] INFO: [S3FileSync] Archivo ID 607 (ReciboORep 1257, estado: Pending) → movido de temp a recibos, actualizado a Listo (SIMULADO - modo dev)
[2025-12-26 12:50:01] INFO: [S3FileSync] Archivo ID 616 (ReciboORep 1246, estado: Pending) → movido de temp a recibos, actualizado a Listo (SIMULADO - modo dev)
[2025-12-26 12:50:01] INFO: [S3FileSync] Archivo ID 625 (ReciboORep 1268, estado: Pending) → movido de temp a recibos, actualizado a Listo (SIMULADO - modo dev)
[2025-12-26 12:50:01] INFO: [S3FileSync] Archivo ID 626 (ReciboORep 1233, estado: Pending) → movido de temp a recibos, actualizado a Listo (SIMULADO - modo dev)
[2025-12-26 12:50:01] INFO: [S3FileSync] Archivo ID 627 (ReciboORep 1223, estado: Pending) → movido de temp a recibos, actualizado a Listo (SIMULADO - modo dev)
[2025-12-26 12:50:01] INFO: [S3FileSync] Archivo ID 631 (ReciboORep 1261, estado: Pending) → movido de temp a recibos, actualizado a Listo (SIMULADO - modo dev)
[2025-12-26 12:50:01] INFO: [S3FileSync] Archivo ID 632 (ReciboORep 1250, estado: Pending) → movido de temp a recibos, actualizado a Listo (SIMULADO - modo dev)
[2025-12-26 12:50:01] INFO: [S3FileSync] Archivo ID 633 (ReciboORep 1202, estado: Pending) → movido de temp a recibos, actualizado a Listo (SIMULADO - modo dev)
[2025-12-26 12:50:01] INFO: [S3FileSync] Archivo ID 634 (ReciboORep 1265, estado: Pending) → movido de temp a recibos, actualizado a Listo (SIMULADO - modo dev)
[2025-12-26 12:50:01] INFO: [S3FileSync] Archivo ID 636 (ReciboORep 1271, estado: Pending) → movido de temp a recibos, actualizado a Listo (SIMULADO - modo dev)
[2025-12-26 12:50:01] INFO: [S3FileSync] Archivo ID 637 (ReciboORep 1207, estado: Pending) → movido de temp a recibos, actualizado a Listo (SIMULADO - modo dev)
[2025-12-26 12:50:01] INFO: [S3FileSync] Archivo ID 644 (ReciboORep 1258, estado: Pending) → movido de temp a recibos, actualizado a Listo (SIMULADO - modo dev)
[2025-12-26 12:50:01] INFO: [S3FileSync] Archivo ID 646 (ReciboORep 1267, estado: Pending) → movido de temp a recibos, actualizado a Listo (SIMULADO - modo dev)
[2025-12-26 12:50:01] INFO: [S3FileSync] Archivo ID 670 (ReciboORep 1284, estado: Pending) → movido de temp a recibos, actualizado a Listo (SIMULADO - modo dev)
[2025-12-26 12:50:01] INFO: [S3FileSync] Archivo ID 750 (ReciboORep 1302, estado: Pending) → movido de temp a recibos, actualizado a Listo (SIMULADO - modo dev)
[2025-12-26 12:50:01] INFO: [S3FileSync] Archivo ID 753 (ReciboORep 1291, estado: Pending) → movido de temp a recibos, actualizado a Listo (SIMULADO - modo dev)
[2025-12-26 12:50:01] INFO: [S3FileSync] Archivo ID 769 (ReciboORep 1325, estado: Pending) → movido de temp a recibos, actualizado a Listo (SIMULADO - modo dev)
[2025-12-26 12:50:01] INFO: [S3FileSync] Archivo ID 770 (ReciboORep 920, estado: Pending) → movido de temp a recibos, actualizado a Listo (SIMULADO - modo dev)
[2025-12-26 12:50:01] INFO: [S3FileSync] Archivo ID 772 (ReciboORep 1323, estado: Pending) → movido de temp a recibos, actualizado a Listo (SIMULADO - modo dev)
[2025-12-26 12:50:01] INFO: [S3FileSync] Archivo ID 774 (ReciboORep 1322, estado: Pending) → movido de temp a recibos, actualizado a Listo (SIMULADO - modo dev)
[2025-12-26 12:50:01] INFO: [S3FileSync] Archivo ID 775 (ReciboORep 1315, estado: Pending) → movido de temp a recibos, actualizado a Listo (SIMULADO - modo dev)
[2025-12-26 12:50:01] INFO: [S3FileSync] Archivo ID 777 (ReciboORep 1321, estado: Pending) → movido de temp a recibos, actualizado a Listo (SIMULADO - modo dev)
[2025-12-26 12:50:01] INFO: [S3FileSync] Archivo ID 778 (ReciboORep 1316, estado: Pending) → movido de temp a recibos, actualizado a Listo (SIMULADO - modo dev)
[2025-12-26 12:50:01] INFO: [S3FileSync] Archivo ID 779 (ReciboORep 1300, estado: Pending) → movido de temp a recibos, actualizado a Listo (SIMULADO - modo dev)
[2025-12-26 12:50:01] INFO: [S3FileSync] Archivo ID 781 (ReciboORep 1272, estado: Pending) → movido de temp a recibos, actualizado a Listo (SIMULADO - modo dev)
[2025-12-26 12:50:01] INFO: [S3FileSync] ========== SINCRONIZACIÓN DE ARCHIVOS S3 COMPLETADA ==========
[2025-12-26 12:50:22] INFO: Un cliente se ha conectado
[2025-12-26 12:50:30] INFO: [S3FileSync] ========== INICIANDO SINCRONIZACIÓN DE ARCHIVOS S3 ==========
[2025-12-26 12:50:30] INFO: [S3FileSync] Iniciando búsqueda de archivos huérfanos
[2025-12-26 12:50:30] INFO: [S3FileSync] Archivos huérfanos encontrados: 11
[2025-12-26 12:50:30] INFO: [S3FileSync] Archivo ID 737 (ninguna sin entidad, estado: huérfano) → compartido con archivo ID 779, solo eliminado de BD
[2025-12-26 12:50:30] INFO: [S3FileSync] Archivo ID 747 (ninguna sin entidad, estado: huérfano) → compartido con archivo ID 778, solo eliminado de BD
[2025-12-26 12:50:30] INFO: [S3FileSync] Archivo ID 748 (ninguna sin entidad, estado: huérfano) → compartido con archivo ID 781, solo eliminado de BD
[2025-12-26 12:50:30] INFO: [S3FileSync] Archivo ID 756 (ninguna sin entidad, estado: huérfano) → compartido con archivo ID 770, solo eliminado de BD
[2025-12-26 12:50:30] INFO: [S3FileSync] Archivo ID 763 (ninguna sin entidad, estado: huérfano) → compartido con archivo ID 777, solo eliminado de BD
[2025-12-26 12:50:30] INFO: [S3FileSync] Archivo ID 767 (ninguna sin entidad, estado: huérfano) → compartido con archivo ID 770, solo eliminado de BD
[2025-12-26 12:50:30] INFO: [S3FileSync] Archivo ID 768 (ninguna sin entidad, estado: huérfano) → compartido con archivo ID 769, solo eliminado de BD
[2025-12-26 12:50:30] INFO: [S3FileSync] Archivo ID 771 (ninguna sin entidad, estado: huérfano) → compartido con archivo ID 772, solo eliminado de BD
[2025-12-26 12:50:30] INFO: [S3FileSync] Archivo ID 773 (ninguna sin entidad, estado: huérfano) → compartido con archivo ID 774, solo eliminado de BD
[2025-12-26 12:50:30] INFO: [S3FileSync] Archivo ID 776 (ninguna sin entidad, estado: huérfano) → compartido con archivo ID 779, solo eliminado de BD
[2025-12-26 12:50:31] INFO: [S3FileSync] Archivo ID 780 (ninguna sin entidad, estado: huérfano) → compartido con archivo ID 781, solo eliminado de BD
[2025-12-26 12:50:31] INFO: [S3FileSync] Iniciando procesamiento de archivos con estado Error
[2025-12-26 12:50:31] INFO: [S3FileSync] Archivos con estado Error encontrados: 0
[2025-12-26 12:50:31] INFO: [S3FileSync] Iniciando eliminación de archivos marcados como Borrado
[2025-12-26 12:50:31] INFO: [S3FileSync] Archivos marcados como Borrado encontrados: 11
[2025-12-26 12:50:31] INFO: [S3FileSync] Archivo ID 737 (ninguna sin entidad, estado: Borrado) → eliminado de S3 y BD (SIMULADO - modo dev)
[2025-12-26 12:50:31] INFO: [S3FileSync] Archivo ID 747 (ninguna sin entidad, estado: Borrado) → eliminado de S3 y BD (SIMULADO - modo dev)
[2025-12-26 12:50:31] INFO: [S3FileSync] Archivo ID 748 (ninguna sin entidad, estado: Borrado) → sin finalPath, solo eliminado de BD
[2025-12-26 12:50:31] INFO: [S3FileSync] Archivo ID 756 (ninguna sin entidad, estado: Borrado) → eliminado de S3 y BD (SIMULADO - modo dev)
[2025-12-26 12:50:31] INFO: [S3FileSync] Archivo ID 763 (ninguna sin entidad, estado: Borrado) → eliminado de S3 y BD (SIMULADO - modo dev)
[2025-12-26 12:50:31] INFO: [S3FileSync] Archivo ID 767 (ninguna sin entidad, estado: Borrado) → sin finalPath, solo eliminado de BD
[2025-12-26 12:50:31] INFO: [S3FileSync] Archivo ID 768 (ninguna sin entidad, estado: Borrado) → sin finalPath, solo eliminado de BD
[2025-12-26 12:50:31] INFO: [S3FileSync] Archivo ID 771 (ninguna sin entidad, estado: Borrado) → sin finalPath, solo eliminado de BD
[2025-12-26 12:50:31] INFO: [S3FileSync] Archivo ID 773 (ninguna sin entidad, estado: Borrado) → sin finalPath, solo eliminado de BD
[2025-12-26 12:50:31] INFO: [S3FileSync] Archivo ID 776 (ninguna sin entidad, estado: Borrado) → sin finalPath, solo eliminado de BD
[2025-12-26 12:50:31] INFO: [S3FileSync] Archivo ID 780 (ninguna sin entidad, estado: Borrado) → sin finalPath, solo eliminado de BD
[2025-12-26 12:50:31] INFO: [S3FileSync] Iniciando procesamiento de archivos con estado Pending
[2025-12-26 12:50:31] INFO: [S3FileSync] Archivos con estado Pending encontrados: 82
[2025-12-26 12:50:31] INFO: [S3FileSync] Archivo ID 253 (ReciboORep 1087, estado: Pending) → movido de temp a recibos, actualizado a Listo (SIMULADO - modo dev)
[2025-12-26 12:50:31] INFO: [S3FileSync] Archivo ID 260 (ReciboORep 1070, estado: Pending) → movido de temp a recibos, actualizado a Listo (SIMULADO - modo dev)
[2025-12-26 12:50:31] INFO: [S3FileSync] Archivo ID 270 (ReciboORep 1075, estado: Pending) → movido de temp a recibos, actualizado a Listo (SIMULADO - modo dev)
[2025-12-26 12:50:31] INFO: [S3FileSync] Archivo ID 273 (ReciboORep 1042, estado: Pending) → movido de temp a recibos, actualizado a Listo (SIMULADO - modo dev)
[2025-12-26 12:50:31] INFO: [S3FileSync] Archivo ID 274 (ReciboORep 1064, estado: Pending) → movido de temp a recibos, actualizado a Listo (SIMULADO - modo dev)
[2025-12-26 12:50:31] INFO: [S3FileSync] Archivo ID 275 (ReciboORep 1091, estado: Pending) → movido de temp a recibos, actualizado a Listo (SIMULADO - modo dev)
[2025-12-26 12:50:31] INFO: [S3FileSync] Archivo ID 278 (ReciboORep 996, estado: Pending) → movido de temp a recibos, actualizado a Listo (SIMULADO - modo dev)
[2025-12-26 12:50:31] INFO: [S3FileSync] Archivo ID 280 (ReciboORep 1103, estado: Pending) → movido de temp a recibos, actualizado a Listo (SIMULADO - modo dev)
[2025-12-26 12:50:31] INFO: [S3FileSync] Archivo ID 281 (ReciboORep 1081, estado: Pending) → movido de temp a recibos, actualizado a Listo (SIMULADO - modo dev)
[2025-12-26 12:50:31] INFO: [S3FileSync] Archivo ID 292 (ReciboORep 988, estado: Pending) → movido de temp a recibos, actualizado a Listo (SIMULADO - modo dev)
[2025-12-26 12:50:31] INFO: [S3FileSync] Archivo ID 293 (ReciboORep 829, estado: Pending) → movido de temp a recibos, actualizado a Listo (SIMULADO - modo dev)
[2025-12-26 12:50:31] INFO: [S3FileSync] Archivo ID 294 (ReciboORep 1030, estado: Pending) → movido de temp a recibos, actualizado a Listo (SIMULADO - modo dev)
[2025-12-26 12:50:31] INFO: [S3FileSync] Archivo ID 296 (ReciboORep 886, estado: Pending) → movido de temp a recibos, actualizado a Listo (SIMULADO - modo dev)
[2025-12-26 12:50:31] INFO: [S3FileSync] Archivo ID 298 (ReciboORep 965, estado: Pending) → movido de temp a recibos, actualizado a Listo (SIMULADO - modo dev)
[2025-12-26 12:50:31] INFO: [S3FileSync] Archivo ID 299 (ReciboORep 926, estado: Pending) → movido de temp a recibos, actualizado a Listo (SIMULADO - modo dev)
[2025-12-26 12:50:31] INFO: [S3FileSync] Archivo ID 323 (ReciboORep 1175, estado: Pending) → movido de temp a recibos, actualizado a Listo (SIMULADO - modo dev)
[2025-12-26 12:50:31] INFO: [S3FileSync] Archivo ID 325 (ReciboORep 1182, estado: Pending) → movido de temp a recibos, actualizado a Listo (SIMULADO - modo dev)
[2025-12-26 12:50:31] INFO: [S3FileSync] Archivo ID 327 (ReciboORep 1168, estado: Pending) → movido de temp a recibos, actualizado a Listo (SIMULADO - modo dev)
[2025-12-26 12:50:31] INFO: [S3FileSync] Archivo ID 337 (ReciboORep 1035, estado: Pending) → movido de temp a recibos, actualizado a Listo (SIMULADO - modo dev)
[2025-12-26 12:50:31] INFO: [S3FileSync] Archivo ID 338 (ReciboORep 967, estado: Pending) → movido de temp a recibos, actualizado a Listo (SIMULADO - modo dev)
[2025-12-26 12:50:31] INFO: [S3FileSync] Archivo ID 339 (ReciboORep 995, estado: Pending) → movido de temp a recibos, actualizado a Listo (SIMULADO - modo dev)
[2025-12-26 12:50:31] INFO: [S3FileSync] Archivo ID 357 (ReciboORep 921, estado: Pending) → movido de temp a recibos, actualizado a Listo (SIMULADO - modo dev)
[2025-12-26 12:50:31] INFO: [S3FileSync] Archivo ID 363 (ReciboORep 857, estado: Pending) → movido de temp a recibos, actualizado a Listo (SIMULADO - modo dev)
[2025-12-26 12:50:31] INFO: [S3FileSync] Archivo ID 372 (ReciboORep 1197, estado: Pending) → movido de temp a recibos, actualizado a Listo (SIMULADO - modo dev)
[2025-12-26 12:50:31] INFO: [S3FileSync] Archivo ID 378 (ReciboORep 1188, estado: Pending) → movido de temp a recibos, actualizado a Listo (SIMULADO - modo dev)
[2025-12-26 12:50:31] INFO: [S3FileSync] Archivo ID 379 (ReciboORep 1187, estado: Pending) → movido de temp a recibos, actualizado a Listo (SIMULADO - modo dev)
[2025-12-26 12:50:31] INFO: [S3FileSync] Archivo ID 380 (ReciboORep 1181, estado: Pending) → movido de temp a recibos, actualizado a Listo (SIMULADO - modo dev)
[2025-12-26 12:50:31] INFO: [S3FileSync] Archivo ID 381 (ReciboORep 1195, estado: Pending) → movido de temp a recibos, actualizado a Listo (SIMULADO - modo dev)
[2025-12-26 12:50:31] INFO: [S3FileSync] Archivo ID 387 (ReciboORep 933, estado: Pending) → movido de temp a recibos, actualizado a Listo (SIMULADO - modo dev)
[2025-12-26 12:50:31] INFO: [S3FileSync] Archivo ID 396 (ReciboORep 1192, estado: Pending) → movido de temp a recibos, actualizado a Listo (SIMULADO - modo dev)
[2025-12-26 12:50:31] INFO: [S3FileSync] Archivo ID 428 (ReciboORep 1191, estado: Pending) → movido de temp a recibos, actualizado a Listo (SIMULADO - modo dev)
[2025-12-26 12:50:31] INFO: [S3FileSync] Archivo ID 429 (ReciboORep 1193, estado: Pending) → movido de temp a recibos, actualizado a Listo (SIMULADO - modo dev)
[2025-12-26 12:50:31] INFO: [S3FileSync] Archivo ID 439 (ReciboORep 1169, estado: Pending) → movido de temp a recibos, actualizado a Listo (SIMULADO - modo dev)
[2025-12-26 12:50:31] INFO: [S3FileSync] Archivo ID 452 (ReciboORep 1157, estado: Pending) → movido de temp a recibos, actualizado a Listo (SIMULADO - modo dev)
[2025-12-26 12:50:31] INFO: [S3FileSync] Archivo ID 453 (ReciboORep 1190, estado: Pending) → movido de temp a recibos, actualizado a Listo (SIMULADO - modo dev)
[2025-12-26 12:50:31] INFO: [S3FileSync] Archivo ID 455 (ReciboORep 1204, estado: Pending) → movido de temp a recibos, actualizado a Listo (SIMULADO - modo dev)
[2025-12-26 12:50:31] INFO: [S3FileSync] Archivo ID 458 (ReciboORep 1209, estado: Pending) → movido de temp a recibos, actualizado a Listo (SIMULADO - modo dev)
[2025-12-26 12:50:31] INFO: [S3FileSync] Archivo ID 459 (ReciboORep 1210, estado: Pending) → movido de temp a recibos, actualizado a Listo (SIMULADO - modo dev)
[2025-12-26 12:50:31] INFO: [S3FileSync] Archivo ID 460 (ReciboORep 1213, estado: Pending) → movido de temp a recibos, actualizado a Listo (SIMULADO - modo dev)
[2025-12-26 12:50:31] INFO: [S3FileSync] Archivo ID 461 (ReciboORep 1212, estado: Pending) → movido de temp a recibos, actualizado a Listo (SIMULADO - modo dev)
[2025-12-26 12:50:31] INFO: [S3FileSync] Archivo ID 464 (ReciboORep 1105, estado: Pending) → movido de temp a recibos, actualizado a Listo (SIMULADO - modo dev)
[2025-12-26 12:50:31] INFO: [S3FileSync] Archivo ID 482 (ReciboORep 1201, estado: Pending) → movido de temp a recibos, actualizado a Listo (SIMULADO - modo dev)
[2025-12-26 12:50:31] INFO: [S3FileSync] Archivo ID 483 (ReciboORep 1216, estado: Pending) → movido de temp a recibos, actualizado a Listo (SIMULADO - modo dev)
[2025-12-26 12:50:31] INFO: [S3FileSync] Archivo ID 484 (ReciboORep 978, estado: Pending) → movido de temp a recibos, actualizado a Listo (SIMULADO - modo dev)
[2025-12-26 12:50:31] INFO: [S3FileSync] Archivo ID 486 (ReciboORep 876, estado: Pending) → movido de temp a recibos, actualizado a Listo (SIMULADO - modo dev)
[2025-12-26 12:50:31] INFO: [S3FileSync] Archivo ID 502 (ReciboORep 1217, estado: Pending) → movido de temp a recibos, actualizado a Listo (SIMULADO - modo dev)
[2025-12-26 12:50:31] INFO: [S3FileSync] Archivo ID 503 (ReciboORep 1189, estado: Pending) → movido de temp a recibos, actualizado a Listo (SIMULADO - modo dev)
[2025-12-26 12:50:31] INFO: [S3FileSync] Archivo ID 517 (ReciboORep 1222, estado: Pending) → movido de temp a recibos, actualizado a Listo (SIMULADO - modo dev)
[2025-12-26 12:50:31] INFO: [S3FileSync] Archivo ID 532 (ReciboORep 1229, estado: Pending) → movido de temp a recibos, actualizado a Listo (SIMULADO - modo dev)
[2025-12-26 12:50:31] INFO: [S3FileSync] Archivo ID 533 (ReciboORep 1249, estado: Pending) → movido de temp a recibos, actualizado a Listo (SIMULADO - modo dev)
[2025-12-26 12:50:31] INFO: [S3FileSync] Archivo ID 534 (ReciboORep 1228, estado: Pending) → movido de temp a recibos, actualizado a Listo (SIMULADO - modo dev)
[2025-12-26 12:50:31] INFO: [S3FileSync] Archivo ID 535 (ReciboORep 1221, estado: Pending) → movido de temp a recibos, actualizado a Listo (SIMULADO - modo dev)
[2025-12-26 12:50:31] INFO: [S3FileSync] Archivo ID 536 (ReciboORep 1247, estado: Pending) → movido de temp a recibos, actualizado a Listo (SIMULADO - modo dev)
[2025-12-26 12:50:31] INFO: [S3FileSync] Archivo ID 537 (ReciboORep 1225, estado: Pending) → movido de temp a recibos, actualizado a Listo (SIMULADO - modo dev)
[2025-12-26 12:50:31] INFO: [S3FileSync] Archivo ID 566 (ReciboORep 1215, estado: Pending) → movido de temp a recibos, actualizado a Listo (SIMULADO - modo dev)
[2025-12-26 12:50:31] INFO: [S3FileSync] Archivo ID 583 (ReciboORep 1252, estado: Pending) → movido de temp a recibos, actualizado a Listo (SIMULADO - modo dev)
[2025-12-26 12:50:31] INFO: [S3FileSync] Archivo ID 585 (ReciboORep 1253, estado: Pending) → movido de temp a recibos, actualizado a Listo (SIMULADO - modo dev)
[2025-12-26 12:50:31] INFO: [S3FileSync] Archivo ID 607 (ReciboORep 1257, estado: Pending) → movido de temp a recibos, actualizado a Listo (SIMULADO - modo dev)
[2025-12-26 12:50:31] INFO: [S3FileSync] Archivo ID 616 (ReciboORep 1246, estado: Pending) → movido de temp a recibos, actualizado a Listo (SIMULADO - modo dev)
[2025-12-26 12:50:31] INFO: [S3FileSync] Archivo ID 625 (ReciboORep 1268, estado: Pending) → movido de temp a recibos, actualizado a Listo (SIMULADO - modo dev)
[2025-12-26 12:50:31] INFO: [S3FileSync] Archivo ID 626 (ReciboORep 1233, estado: Pending) → movido de temp a recibos, actualizado a Listo (SIMULADO - modo dev)
[2025-12-26 12:50:31] INFO: [S3FileSync] Archivo ID 627 (ReciboORep 1223, estado: Pending) → movido de temp a recibos, actualizado a Listo (SIMULADO - modo dev)
[2025-12-26 12:50:31] INFO: [S3FileSync] Archivo ID 631 (ReciboORep 1261, estado: Pending) → movido de temp a recibos, actualizado a Listo (SIMULADO - modo dev)
[2025-12-26 12:50:31] INFO: [S3FileSync] Archivo ID 632 (ReciboORep 1250, estado: Pending) → movido de temp a recibos, actualizado a Listo (SIMULADO - modo dev)
[2025-12-26 12:50:31] INFO: [S3FileSync] Archivo ID 633 (ReciboORep 1202, estado: Pending) → movido de temp a recibos, actualizado a Listo (SIMULADO - modo dev)
[2025-12-26 12:50:31] INFO: [S3FileSync] Archivo ID 634 (ReciboORep 1265, estado: Pending) → movido de temp a recibos, actualizado a Listo (SIMULADO - modo dev)
[2025-12-26 12:50:31] INFO: [S3FileSync] Archivo ID 636 (ReciboORep 1271, estado: Pending) → movido de temp a recibos, actualizado a Listo (SIMULADO - modo dev)
[2025-12-26 12:50:31] INFO: [S3FileSync] Archivo ID 637 (ReciboORep 1207, estado: Pending) → movido de temp a recibos, actualizado a Listo (SIMULADO - modo dev)
[2025-12-26 12:50:31] INFO: [S3FileSync] Archivo ID 644 (ReciboORep 1258, estado: Pending) → movido de temp a recibos, actualizado a Listo (SIMULADO - modo dev)
[2025-12-26 12:50:31] INFO: [S3FileSync] Archivo ID 646 (ReciboORep 1267, estado: Pending) → movido de temp a recibos, actualizado a Listo (SIMULADO - modo dev)
[2025-12-26 12:50:31] INFO: [S3FileSync] Archivo ID 670 (ReciboORep 1284, estado: Pending) → movido de temp a recibos, actualizado a Listo (SIMULADO - modo dev)
[2025-12-26 12:50:31] INFO: [S3FileSync] Archivo ID 750 (ReciboORep 1302, estado: Pending) → movido de temp a recibos, actualizado a Listo (SIMULADO - modo dev)
[2025-12-26 12:50:31] INFO: [S3FileSync] Archivo ID 753 (ReciboORep 1291, estado: Pending) → movido de temp a recibos, actualizado a Listo (SIMULADO - modo dev)
[2025-12-26 12:50:31] INFO: [S3FileSync] Archivo ID 769 (ReciboORep 1325, estado: Pending) → movido de temp a recibos, actualizado a Listo (SIMULADO - modo dev)
[2025-12-26 12:50:31] INFO: [S3FileSync] Archivo ID 770 (ReciboORep 920, estado: Pending) → movido de temp a recibos, actualizado a Listo (SIMULADO - modo dev)
[2025-12-26 12:50:31] INFO: [S3FileSync] Archivo ID 772 (ReciboORep 1323, estado: Pending) → movido de temp a recibos, actualizado a Listo (SIMULADO - modo dev)
[2025-12-26 12:50:31] INFO: [S3FileSync] Archivo ID 774 (ReciboORep 1322, estado: Pending) → movido de temp a recibos, actualizado a Listo (SIMULADO - modo dev)
[2025-12-26 12:50:31] INFO: [S3FileSync] Archivo ID 775 (ReciboORep 1315, estado: Pending) → movido de temp a recibos, actualizado a Listo (SIMULADO - modo dev)
[2025-12-26 12:50:31] INFO: [S3FileSync] Archivo ID 777 (ReciboORep 1321, estado: Pending) → movido de temp a recibos, actualizado a Listo (SIMULADO - modo dev)
[2025-12-26 12:50:31] INFO: [S3FileSync] Archivo ID 778 (ReciboORep 1316, estado: Pending) → movido de temp a recibos, actualizado a Listo (SIMULADO - modo dev)
[2025-12-26 12:50:31] INFO: [S3FileSync] Archivo ID 779 (ReciboORep 1300, estado: Pending) → movido de temp a recibos, actualizado a Listo (SIMULADO - modo dev)
[2025-12-26 12:50:31] INFO: [S3FileSync] Archivo ID 781 (ReciboORep 1272, estado: Pending) → movido de temp a recibos, actualizado a Listo (SIMULADO - modo dev)
[2025-12-26 12:50:31] INFO: [S3FileSync] ========== SINCRONIZACIÓN DE ARCHIVOS S3 COMPLETADA ==========
